<?xml version="1.0" encoding="UTF-8"?>
<testsuite name="org.mkm.crawler.crawler.CrawlerTest" tests="4" skipped="0" failures="0" errors="0" timestamp="2020-02-16T16:55:00" hostname="9801741s-MBP" time="0.427">
  <properties/>
  <testcase name="visitsRootURL" classname="org.mkm.crawler.crawler.CrawlerTest" time="0.065"/>
  <testcase name="onlyVisitsSingleDomain" classname="org.mkm.crawler.crawler.CrawlerTest" time="0.157"/>
  <testcase name="doesNotRevisitVisitedPages" classname="org.mkm.crawler.crawler.CrawlerTest" time="0.099"/>
  <testcase name="ignoresNonReachableURLs" classname="org.mkm.crawler.crawler.CrawlerTest" time="0.096"/>
  <system-out><![CDATA[]]></system-out>
  <system-err><![CDATA[[Test worker] INFO org.eclipse.jetty.server.Server - jetty-9.2.28.v20190418
[Test worker] INFO org.eclipse.jetty.server.handler.ContextHandler - Started o.e.j.s.ServletContextHandler@4e3ccb57{/__admin,null,AVAILABLE}
[Test worker] INFO org.eclipse.jetty.server.handler.ContextHandler - Started o.e.j.s.ServletContextHandler@133284e4{/,null,AVAILABLE}
[Test worker] INFO org.eclipse.jetty.server.NetworkTrafficServerConnector - Started NetworkTrafficServerConnector@3b7c93a6{HTTP/1.1}{0.0.0.0:8080}
[Test worker] INFO org.eclipse.jetty.server.Server - Started @6073ms
[qtp766641189-38] INFO /__admin - RequestHandlerClass from context returned com.github.tomakehurst.wiremock.http.AdminRequestHandler. Normalized mapped under returned 'null'
[Test worker] INFO org.mkm.crawler.crawler.Crawler - Crawling http://localhost:8080/
[qtp766641189-39] INFO / - RequestHandlerClass from context returned com.github.tomakehurst.wiremock.http.StubRequestHandler. Normalized mapped under returned 'null'
[Test worker] INFO org.eclipse.jetty.server.NetworkTrafficServerConnector - Stopped NetworkTrafficServerConnector@3b7c93a6{HTTP/1.1}{0.0.0.0:8080}
[Test worker] INFO org.eclipse.jetty.server.handler.ContextHandler - Stopped o.e.j.s.ServletContextHandler@133284e4{/,null,UNAVAILABLE}
[Test worker] INFO org.eclipse.jetty.server.handler.ContextHandler - Stopped o.e.j.s.ServletContextHandler@4e3ccb57{/__admin,null,UNAVAILABLE}
[Test worker] WARN org.eclipse.jetty.util.thread.QueuedThreadPool - qtp766641189{STOPPING,8<=8<=14,i=7,q=6} Couldn't stop Thread[qtp766641189-40,5,]
[Test worker] WARN org.eclipse.jetty.util.thread.QueuedThreadPool - qtp766641189{STOPPING,8<=8<=14,i=0,q=6} Couldn't stop Thread[qtp766641189-34,5,]
[Test worker] WARN org.eclipse.jetty.util.thread.QueuedThreadPool - qtp766641189{STOPPING,8<=8<=14,i=0,q=6} Couldn't stop Thread[qtp766641189-38,5,]
[Test worker] INFO org.eclipse.jetty.server.Server - jetty-9.2.28.v20190418
[Test worker] INFO org.eclipse.jetty.server.handler.ContextHandler - Started o.e.j.s.ServletContextHandler@79c1ddbe{/__admin,null,AVAILABLE}
[Test worker] INFO org.eclipse.jetty.server.handler.ContextHandler - Started o.e.j.s.ServletContextHandler@352708b2{/,null,AVAILABLE}
[Test worker] INFO org.eclipse.jetty.server.NetworkTrafficServerConnector - Started NetworkTrafficServerConnector@42fc1f85{HTTP/1.1}{0.0.0.0:8080}
[Test worker] INFO org.eclipse.jetty.server.Server - Started @6140ms
[Test worker] INFO org.mkm.crawler.crawler.Crawler - Crawling http://localhost:8080/
[Test worker] INFO org.eclipse.jetty.server.NetworkTrafficServerConnector - Stopped NetworkTrafficServerConnector@42fc1f85{HTTP/1.1}{0.0.0.0:8080}
[Test worker] INFO org.eclipse.jetty.server.handler.ContextHandler - Stopped o.e.j.s.ServletContextHandler@352708b2{/,null,UNAVAILABLE}
[Test worker] INFO org.eclipse.jetty.server.handler.ContextHandler - Stopped o.e.j.s.ServletContextHandler@79c1ddbe{/__admin,null,UNAVAILABLE}
[Test worker] WARN org.eclipse.jetty.util.thread.QueuedThreadPool - qtp837239964{STOPPING,8<=8<=14,i=6,q=6} Couldn't stop Thread[qtp837239964-45,5,]
[Test worker] WARN org.eclipse.jetty.util.thread.QueuedThreadPool - qtp837239964{STOPPING,8<=8<=14,i=0,q=5} Couldn't stop Thread[qtp837239964-47,5,]
[Test worker] WARN org.eclipse.jetty.util.thread.QueuedThreadPool - qtp837239964{STOPPING,8<=8<=14,i=0,q=5} Couldn't stop Thread[qtp837239964-52,5,]
[Test worker] INFO org.eclipse.jetty.server.Server - jetty-9.2.28.v20190418
[Test worker] INFO org.eclipse.jetty.server.handler.ContextHandler - Started o.e.j.s.ServletContextHandler@3f124454{/__admin,null,AVAILABLE}
[Test worker] INFO org.eclipse.jetty.server.handler.ContextHandler - Started o.e.j.s.ServletContextHandler@2748f038{/,null,AVAILABLE}
[Test worker] INFO org.eclipse.jetty.server.NetworkTrafficServerConnector - Started NetworkTrafficServerConnector@ad53061{HTTP/1.1}{0.0.0.0:8080}
[Test worker] INFO org.eclipse.jetty.server.Server - Started @6301ms
[qtp399281698-61] INFO /__admin - RequestHandlerClass from context returned com.github.tomakehurst.wiremock.http.AdminRequestHandler. Normalized mapped under returned 'null'
[Test worker] INFO org.mkm.crawler.crawler.Crawler - Crawling http://localhost:8080/
[qtp399281698-63] INFO / - RequestHandlerClass from context returned com.github.tomakehurst.wiremock.http.StubRequestHandler. Normalized mapped under returned 'null'
[Test worker] INFO org.mkm.crawler.crawler.Crawler - Crawling http://localhost:8080/page
[Test worker] INFO org.eclipse.jetty.server.NetworkTrafficServerConnector - Stopped NetworkTrafficServerConnector@ad53061{HTTP/1.1}{0.0.0.0:8080}
[Test worker] INFO org.eclipse.jetty.server.handler.ContextHandler - Stopped o.e.j.s.ServletContextHandler@2748f038{/,null,UNAVAILABLE}
[Test worker] INFO org.eclipse.jetty.server.handler.ContextHandler - Stopped o.e.j.s.ServletContextHandler@3f124454{/__admin,null,UNAVAILABLE}
[Test worker] WARN org.eclipse.jetty.util.thread.QueuedThreadPool - qtp399281698{STOPPING,8<=8<=14,i=4,q=5} Couldn't stop Thread[qtp399281698-56,5,]
[Test worker] WARN org.eclipse.jetty.util.thread.QueuedThreadPool - qtp399281698{STOPPING,8<=8<=14,i=0,q=4} Couldn't stop Thread[qtp399281698-63,5,]
[Test worker] WARN org.eclipse.jetty.util.thread.QueuedThreadPool - qtp399281698{STOPPING,8<=8<=14,i=0,q=4} Couldn't stop Thread[qtp399281698-66,5,]
[Test worker] INFO org.eclipse.jetty.server.Server - jetty-9.2.28.v20190418
[Test worker] INFO org.eclipse.jetty.server.handler.ContextHandler - Started o.e.j.s.ServletContextHandler@4671ddf8{/__admin,null,AVAILABLE}
[Test worker] INFO org.eclipse.jetty.server.handler.ContextHandler - Started o.e.j.s.ServletContextHandler@ee2cde6{/,null,AVAILABLE}
[Test worker] INFO org.eclipse.jetty.server.NetworkTrafficServerConnector - Started NetworkTrafficServerConnector@46345fdf{HTTP/1.1}{0.0.0.0:8080}
[Test worker] INFO org.eclipse.jetty.server.Server - Started @6403ms
[qtp1637043097-73] INFO /__admin - RequestHandlerClass from context returned com.github.tomakehurst.wiremock.http.AdminRequestHandler. Normalized mapped under returned 'null'
[Test worker] INFO org.mkm.crawler.crawler.Crawler - Crawling http://localhost:8080/
[qtp1637043097-75] INFO / - RequestHandlerClass from context returned com.github.tomakehurst.wiremock.http.StubRequestHandler. Normalized mapped under returned 'null'
[Test worker] INFO org.mkm.crawler.crawler.Crawler - Crawling http://localhost:8080/page
[Test worker] INFO org.eclipse.jetty.server.NetworkTrafficServerConnector - Stopped NetworkTrafficServerConnector@46345fdf{HTTP/1.1}{0.0.0.0:8080}
[Test worker] INFO org.eclipse.jetty.server.handler.ContextHandler - Stopped o.e.j.s.ServletContextHandler@ee2cde6{/,null,UNAVAILABLE}
[Test worker] INFO org.eclipse.jetty.server.handler.ContextHandler - Stopped o.e.j.s.ServletContextHandler@4671ddf8{/__admin,null,UNAVAILABLE}
[Test worker] WARN org.eclipse.jetty.util.thread.QueuedThreadPool - qtp1637043097{STOPPING,8<=8<=14,i=7,q=6} Couldn't stop Thread[qtp1637043097-78,5,]
[Test worker] WARN org.eclipse.jetty.util.thread.QueuedThreadPool - qtp1637043097{STOPPING,8<=8<=14,i=0,q=6} Couldn't stop Thread[qtp1637043097-75,5,]
]]></system-err>
</testsuite>
